[2014-06-09T13:22:52+00:00]
Teste de login via SSO com o usuário "SFADMIN"...

[2014-06-09T13:22:54+00:00]
Login via SSO com o usuário "SFADMIN" bem sucedido.

[2014-06-09T13:34:40+00:00]
Teste de login via SSO com o usuário "SFADMIN"...

[2014-06-09T13:34:42+00:00]
Login via SSO com o usuário "SFADMIN" bem sucedido.

[2014-06-09T13:41:14+00:00]
Teste de login via SSO com o usuário "associado"...

[2014-06-09T13:41:16+00:00]
Login via SSO com o usuário "associado" bem sucedido.

[2014-06-09T13:49:59+00:00]
Teste de login via SSO com o usuário "SFADMIN"...

[2014-06-09T13:50:01+00:00]
Login via SSO com o usuário "SFADMIN" bem sucedido.

[2014-06-09T13:52:04+00:00]
Teste de login via SSO com o usuário "SFADMIN"...

[2014-06-09T13:52:05+00:00]
Login via SSO com o usuário "SFADMIN" bem sucedido.

[2014-06-09T13:52:16+00:00]
Teste de login via SSO com o usuário "SFADMIN"...

[2014-06-09T13:52:26+00:00]
Login via SSO com o usuário "SFADMIN" bem sucedido.

[2014-06-09T13:54:20+00:00]
Teste de login via SSO com o usuário "SFADMIN"...

[2014-06-09T13:59:23+00:00]
Login via SSO com o usuário "SFADMIN" falhou.

[2014-06-09T14:04:16+00:00]
Teste de login via SSO com o usuário "SFADMIN"...

[2014-06-09T14:04:18+00:00]
Login via SSO com o usuário "SFADMIN" bem sucedido.

[2014-06-09T14:22:25+00:00]
Teste de login via SSO com o usuário "SFADMIN"...

[2014-06-09T14:22:27+00:00]
Login via SSO com o usuário "SFADMIN" bem sucedido.

[2014-06-09T15:09:47+00:00]
Teste de login via SSO com o usuário "associado"...

[2014-06-09T15:09:50+00:00]
Login via SSO com o usuário "associado" bem sucedido.

[2014-06-09T15:12:25+00:00]
Teste de login via SSO com o usuário "rosi@rscorp.com.br"...

[2014-06-09T15:12:26+00:00]
Login via SSO com o usuário "rosi@rscorp.com.br" bem sucedido.

[2014-06-09T15:21:53+00:00]
Teste de login via SSO com o usuário "associado"...

[2014-06-09T15:21:55+00:00]
Login via SSO com o usuário "associado" bem sucedido.

[2014-06-09T15:23:44+00:00]
Teste de login via SSO com o usuário "rosi@rscorp.com.br"...

[2014-06-09T15:23:45+00:00]
Login via SSO com o usuário "rosi@rscorp.com.br" bem sucedido.

[2014-06-09T15:27:45+00:00]
Teste de login via SSO com o usuário "SFADMIN"...

[2014-06-09T15:27:46+00:00]
Login via SSO com o usuário "SFADMIN" bem sucedido.

[2014-06-09T16:43:23+00:00]
Teste de login via SSO com o usuário "rosi@rscorp.com.br"...

[2014-06-09T16:43:25+00:00]
Login via SSO com o usuário "rosi@rscorp.com.br" bem sucedido.

[2014-06-09T16:46:36+00:00]
Teste de login via SSO com o usuário "SFADMIN"...

[2014-06-09T16:46:37+00:00]
Login via SSO com o usuário "SFADMIN" bem sucedido.

[2014-06-09T17:20:39+00:00]
Teste de login via SSO com o usuário "SFADMIN"...

[2014-06-09T17:20:41+00:00]
Login via SSO com o usuário "SFADMIN" bem sucedido.

[2014-06-09T18:17:42+00:00]
Teste de login via SSO com o usuário "SFADMIN"...

[2014-06-09T18:17:47+00:00]
Login via SSO com o usuário "SFADMIN" falhou.

[2014-06-09T18:18:03+00:00]
Teste de login via SSO com o usuário "SFADMIN"...

[2014-06-09T18:18:05+00:00]
Login via SSO com o usuário "SFADMIN" bem sucedido.

[2014-06-09T18:22:31+00:00]
Teste de login via SSO com o usuário "SFADMIN"...

[2014-06-09T18:22:33+00:00]
Login via SSO com o usuário "SFADMIN" bem sucedido.

[2014-06-09T20:37:22+00:00]
Teste de login via SSO com o usuário "SFADMIN"...

[2014-06-09T20:37:24+00:00]
Login via SSO com o usuário "SFADMIN" bem sucedido.

[2014-06-09T21:08:20+00:00]
Teste de login via SSO com o usuário "SFADMIN"...

[2014-06-09T21:08:22+00:00]
Login via SSO com o usuário "SFADMIN" bem sucedido.

[2014-06-09T21:17:27+00:00]
Teste de login via SSO com o usuário "SFADMIN"...

[2014-06-09T21:17:28+00:00]
Login via SSO com o usuário "SFADMIN" bem sucedido.

[2014-06-09T21:34:24+00:00]
Teste de login via SSO com o usuário "SFADMIN"...

[2014-06-09T21:34:25+00:00]
Login via SSO com o usuário "SFADMIN" bem sucedido.

