[2014-06-06T01:08:34+00:00]
Teste de login via SSO com o usuário "rosi@rscorp.com.br"...

[2014-06-06T01:08:36+00:00]
Login via SSO com o usuário "rosi@rscorp.com.br" bem sucedido.

[2014-06-06T01:08:39+00:00]
Teste de login via SSO com o usuário "rosi@rscorp.com.br"...

[2014-06-06T01:08:41+00:00]
Login via SSO com o usuário "rosi@rscorp.com.br" bem sucedido.

[2014-06-06T01:28:26+00:00]
Teste de login via SSO com o usuário "SFADMIN"...

[2014-06-06T01:28:27+00:00]
Login via SSO com o usuário "SFADMIN" bem sucedido.

[2014-06-06T01:30:10+00:00]
Teste de login via SSO com o usuário "SFADMIN"...

[2014-06-06T01:30:11+00:00]
Login via SSO com o usuário "SFADMIN" bem sucedido.

[2014-06-06T01:30:36+00:00]
Teste de login via SSO com o usuário "SFADMIN"...

[2014-06-06T01:30:37+00:00]
Login via SSO com o usuário "SFADMIN" bem sucedido.

[2014-06-06T13:37:55+00:00]
Teste de login via SSO com o usuário "SFADMIN"...

[2014-06-06T13:37:57+00:00]
Login via SSO com o usuário "SFADMIN" bem sucedido.

[2014-06-06T13:40:48+00:00]
Teste de login via SSO com o usuário "rosi@rscorp.com.br"...

[2014-06-06T13:40:50+00:00]
Login via SSO com o usuário "rosi@rscorp.com.br" bem sucedido.

[2014-06-06T13:57:42+00:00]
Teste de login via SSO com o usuário "rosi@rscorp.com.br"...

[2014-06-06T13:57:43+00:00]
Login via SSO com o usuário "rosi@rscorp.com.br" bem sucedido.

[2014-06-06T13:59:32+00:00]
Teste de login via SSO com o usuário "rosi@rscorp.com.br"...

[2014-06-06T13:59:34+00:00]
Login via SSO com o usuário "rosi@rscorp.com.br" bem sucedido.

[2014-06-06T14:05:39+00:00]
Teste de login via SSO com o usuário "SFADMIN"...

[2014-06-06T14:05:40+00:00]
Login via SSO com o usuário "SFADMIN" bem sucedido.

[2014-06-06T14:31:39+00:00]
Teste de login via SSO com o usuário "associado"...

[2014-06-06T14:31:41+00:00]
Login via SSO com o usuário "associado" bem sucedido.

[2014-06-06T14:33:48+00:00]
Teste de login via SSO com o usuário "associado"...

[2014-06-06T14:33:49+00:00]
Login via SSO com o usuário "associado" bem sucedido.

[2014-06-06T14:39:55+00:00]
Teste de login via SSO com o usuário "rosi@rscorp.com.br"...

[2014-06-06T14:39:57+00:00]
Login via SSO com o usuário "rosi@rscorp.com.br" bem sucedido.

[2014-06-06T14:55:02+00:00]
Teste de login via SSO com o usuário "associado"...

[2014-06-06T14:55:03+00:00]
Login via SSO com o usuário "associado" bem sucedido.

[2014-06-06T15:03:07+00:00]
Teste de login via SSO com o usuário "associado"...

[2014-06-06T15:03:09+00:00]
Login via SSO com o usuário "associado" bem sucedido.

[2014-06-06T15:08:17+00:00]
Teste de login via SSO com o usuário "SFADMIN"...

[2014-06-06T15:08:18+00:00]
Login via SSO com o usuário "SFADMIN" bem sucedido.

[2014-06-06T15:56:37+00:00]
Teste de login via SSO com o usuário "SFADMIN"...

[2014-06-06T15:56:39+00:00]
Login via SSO com o usuário "SFADMIN" bem sucedido.

[2014-06-06T16:22:54+00:00]
Teste de login via SSO com o usuário "rosi@rscorp.com.br"...

[2014-06-06T16:22:56+00:00]
Login via SSO com o usuário "rosi@rscorp.com.br" bem sucedido.

[2014-06-06T16:23:00+00:00]
Teste de login via SSO com o usuário "rosi@rscorp.com.br"...

[2014-06-06T16:23:02+00:00]
Login via SSO com o usuário "rosi@rscorp.com.br" bem sucedido.

[2014-06-06T16:41:00+00:00]
Teste de login via SSO com o usuário "associado"...

[2014-06-06T16:41:02+00:00]
Login via SSO com o usuário "associado" bem sucedido.

[2014-06-06T16:41:20+00:00]
Teste de login via SSO com o usuário "associado"...

[2014-06-06T16:41:21+00:00]
Login via SSO com o usuário "associado" bem sucedido.

[2014-06-06T17:27:54+00:00]
Teste de login via SSO com o usuário "SFADMIN"...

[2014-06-06T17:27:56+00:00]
Login via SSO com o usuário "SFADMIN" bem sucedido.

[2014-06-06T19:14:49+00:00]
Teste de login via SSO com o usuário "SFADMIN"...

[2014-06-06T19:14:51+00:00]
Login via SSO com o usuário "SFADMIN" bem sucedido.

[2014-06-06T19:29:37+00:00]
Teste de login via SSO com o usuário "SFADMIN"...

[2014-06-06T19:29:39+00:00]
Login via SSO com o usuário "SFADMIN" bem sucedido.

[2014-06-06T20:37:54+00:00]
Teste de login via SSO com o usuário "SFADMIN"...

[2014-06-06T20:37:56+00:00]
Login via SSO com o usuário "SFADMIN" bem sucedido.

[2014-06-06T20:47:51+00:00]
Teste de login via SSO com o usuário "rosi@rscorp.com.br"...

[2014-06-06T20:47:52+00:00]
Login via SSO com o usuário "rosi@rscorp.com.br" bem sucedido.

[2014-06-06T20:54:37+00:00]
Teste de login via SSO com o usuário "associado"...

[2014-06-06T20:54:39+00:00]
Login via SSO com o usuário "associado" bem sucedido.

[2014-06-06T20:59:29+00:00]
Teste de login via SSO com o usuário "SFADMIN"...

[2014-06-06T20:59:30+00:00]
Login via SSO com o usuário "SFADMIN" bem sucedido.

[2014-06-06T21:08:00+00:00]
Teste de login via SSO com o usuário "admin"...

[2014-06-06T21:08:01+00:00]
Login via SSO com o usuário "admin" bem sucedido.

[2014-06-06T21:34:08+00:00]
Teste de login via SSO com o usuário "admin"...

[2014-06-06T21:34:09+00:00]
Login via SSO com o usuário "admin" bem sucedido.

[2014-06-06T21:45:37+00:00]
Teste de login via SSO com o usuário "SFADMIN"...

[2014-06-06T21:45:38+00:00]
Login via SSO com o usuário "SFADMIN" bem sucedido.

[2014-06-06T22:24:49+00:00]
Teste de login via SSO com o usuário "associado"...

[2014-06-06T22:24:50+00:00]
Login via SSO com o usuário "associado" bem sucedido.

[2014-06-06T23:05:12+00:00]
Teste de login via SSO com o usuário "rosi@rscorp.com.br"...

[2014-06-06T23:05:14+00:00]
Login via SSO com o usuário "rosi@rscorp.com.br" bem sucedido.

