[2014-06-10T01:23:45+00:00]
Teste de login via SSO com o usuário "SFADMIN"...

[2014-06-10T01:25:16+00:00]
Login via SSO com o usuário "SFADMIN" bem sucedido.

[2014-06-10T01:25:17+00:00]
Teste de login via SSO com o usuário "SFADMIN"...

[2014-06-10T01:25:19+00:00]
Login via SSO com o usuário "SFADMIN" bem sucedido.

[2014-06-10T13:14:27+00:00]
Teste de login via SSO com o usuário "SFADMIN"...

[2014-06-10T13:14:29+00:00]
Login via SSO com o usuário "SFADMIN" bem sucedido.

[2014-06-10T13:21:49+00:00]
Teste de login via SSO com o usuário "SFADMIN"...

[2014-06-10T13:21:50+00:00]
Login via SSO com o usuário "SFADMIN" bem sucedido.

[2014-06-10T13:38:56+00:00]
Teste de login via SSO com o usuário "SFADMIN"...

[2014-06-10T13:38:58+00:00]
Login via SSO com o usuário "SFADMIN" bem sucedido.

[2014-06-10T13:44:51+00:00]
Teste de login via SSO com o usuário "SFADMIN"...

[2014-06-10T13:44:52+00:00]
Login via SSO com o usuário "SFADMIN" bem sucedido.

[2014-06-10T14:01:46+00:00]
Teste de login via SSO com o usuário "admin"...

[2014-06-10T14:01:49+00:00]
Login via SSO com o usuário "admin" bem sucedido.

[2014-06-10T14:03:14+00:00]
Teste de login via SSO com o usuário "admin"...

[2014-06-10T14:03:15+00:00]
Login via SSO com o usuário "admin" bem sucedido.

[2014-06-10T14:42:17+00:00]
Teste de login via SSO com o usuário "rosi@rscorp.com.br"...

[2014-06-10T14:42:19+00:00]
Login via SSO com o usuário "rosi@rscorp.com.br" bem sucedido.

[2014-06-10T19:04:17+00:00]
Teste de login via SSO com o usuário "rosi@rscorp.com.br"...

[2014-06-10T19:04:19+00:00]
Login via SSO com o usuário "rosi@rscorp.com.br" bem sucedido.

[2014-06-10T19:22:21+00:00]
Teste de login via SSO com o usuário "rosi@rscorp.com.br"...

[2014-06-10T19:22:23+00:00]
Login via SSO com o usuário "rosi@rscorp.com.br" bem sucedido.

[2014-06-10T19:42:08+00:00]
Teste de login via SSO com o usuário "rosi@rscorp.com.br"...

[2014-06-10T19:42:11+00:00]
Login via SSO com o usuário "rosi@rscorp.com.br" bem sucedido.

[2014-06-10T19:42:39+00:00]
Teste de login via SSO com o usuário "rosi@rscorp.com.br"...

[2014-06-10T19:42:41+00:00]
Login via SSO com o usuário "rosi@rscorp.com.br" bem sucedido.

[2014-06-10T19:47:02+00:00]
Teste de login via SSO com o usuário "rosi@rscorp.com.br"...

[2014-06-10T19:47:03+00:00]
Login via SSO com o usuário "rosi@rscorp.com.br" bem sucedido.

[2014-06-10T20:10:00+00:00]
Teste de login via SSO com o usuário "rosi@rscorp.com.br"...

[2014-06-10T20:10:01+00:00]
Login via SSO com o usuário "rosi@rscorp.com.br" bem sucedido.

[2014-06-10T20:59:48+00:00]
Teste de login via SSO com o usuário "rosi@rscorp.com.br"...

[2014-06-10T20:59:50+00:00]
Login via SSO com o usuário "rosi@rscorp.com.br" bem sucedido.

[2014-06-10T20:59:52+00:00]
Teste de login via SSO com o usuário "rosi@rscorp.com.br"...

[2014-06-10T20:59:53+00:00]
Login via SSO com o usuário "rosi@rscorp.com.br" bem sucedido.

