[2014-06-13T13:15:06+00:00]
Teste de login via SSO com o usuário "admin"...

[2014-06-13T13:15:08+00:00]
Login via SSO com o usuário "admin" bem sucedido.

[2014-06-13T13:26:19+00:00]
Teste de login via SSO com o usuário "admin"...

[2014-06-13T13:26:21+00:00]
Login via SSO com o usuário "admin" bem sucedido.

[2014-06-13T13:27:48+00:00]
Teste de login via SSO com o usuário "SFADMIN"...

[2014-06-13T13:27:49+00:00]
Login via SSO com o usuário "SFADMIN" bem sucedido.

[2014-06-13T13:45:23+00:00]
Teste de login via SSO com o usuário "SFADMIN"...

[2014-06-13T13:45:25+00:00]
Login via SSO com o usuário "SFADMIN" bem sucedido.

[2014-06-13T13:51:34+00:00]
Teste de login via SSO com o usuário "admin"...

[2014-06-13T13:51:36+00:00]
Login via SSO com o usuário "admin" bem sucedido.

[2014-06-13T19:05:59+00:00]
Teste de login via SSO com o usuário "rosi@rscorp.com.br"...

[2014-06-13T19:06:01+00:00]
Login via SSO com o usuário "rosi@rscorp.com.br" bem sucedido.

[2014-06-13T19:06:11+00:00]
Teste de login via SSO com o usuário "rosi@rscorp.com.br"...

[2014-06-13T19:06:12+00:00]
Login via SSO com o usuário "rosi@rscorp.com.br" bem sucedido.

[2014-06-13T19:07:39+00:00]
Teste de login via SSO com o usuário "rosi@rscorp.com.br"...

[2014-06-13T19:07:40+00:00]
Login via SSO com o usuário "rosi@rscorp.com.br" bem sucedido.

[2014-06-13T19:11:38+00:00]
Teste de login via SSO com o usuário "rosi@rscorp.com.br"...

[2014-06-13T19:11:40+00:00]
Login via SSO com o usuário "rosi@rscorp.com.br" bem sucedido.

[2014-06-13T19:16:38+00:00]
Teste de login via SSO com o usuário "rosi@rscorp.com.br"...

[2014-06-13T19:16:39+00:00]
Login via SSO com o usuário "rosi@rscorp.com.br" bem sucedido.

[2014-06-13T19:28:37+00:00]
Teste de login via SSO com o usuário "rosi@rscorp.com.br"...

[2014-06-13T19:28:38+00:00]
Login via SSO com o usuário "rosi@rscorp.com.br" bem sucedido.

[2014-06-13T19:30:27+00:00]
Teste de login via SSO com o usuário "rosi@rscorp.com.br"...

[2014-06-13T19:30:28+00:00]
Login via SSO com o usuário "rosi@rscorp.com.br" bem sucedido.

[2014-06-13T20:09:34+00:00]
Teste de login via SSO com o usuário "rosi@rscorp.com.br"...

[2014-06-13T20:09:36+00:00]
Login via SSO com o usuário "rosi@rscorp.com.br" bem sucedido.

[2014-06-13T20:09:45+00:00]
Teste de login via SSO com o usuário "rosi@rscorp.com.br"...

[2014-06-13T20:09:47+00:00]
Login via SSO com o usuário "rosi@rscorp.com.br" bem sucedido.

[2014-06-13T20:11:46+00:00]
Teste de login via SSO com o usuário "rosi@rscorp.com.br"...

[2014-06-13T20:11:48+00:00]
Login via SSO com o usuário "rosi@rscorp.com.br" bem sucedido.

[2014-06-13T20:11:49+00:00]
Teste de login via SSO com o usuário "rosi@rscorp.com.br"...

[2014-06-13T20:11:51+00:00]
Login via SSO com o usuário "rosi@rscorp.com.br" bem sucedido.

