[2014-06-11T08:09:53+00:00]
Teste de login via SSO com o usuário "rosi@rscorp.com.br"...

[2014-06-11T08:09:54+00:00]
Login via SSO com o usuário "rosi@rscorp.com.br" bem sucedido.

[2014-06-11T08:15:18+00:00]
Teste de login via SSO com o usuário "rosi@rscorp.com.br"...

[2014-06-11T08:15:19+00:00]
Login via SSO com o usuário "rosi@rscorp.com.br" bem sucedido.

[2014-06-11T09:20:12+00:00]
Teste de login via SSO com o usuário "rosi@rscorp.com.br"...

[2014-06-11T09:20:14+00:00]
Login via SSO com o usuário "rosi@rscorp.com.br" bem sucedido.

[2014-06-11T10:24:57+00:00]
Teste de login via SSO com o usuário "rosi@rscorp.com.br"...

[2014-06-11T10:24:59+00:00]
Login via SSO com o usuário "rosi@rscorp.com.br" bem sucedido.

[2014-06-11T10:25:13+00:00]
Teste de login via SSO com o usuário "rosi@rscorp.com.br"...

[2014-06-11T10:25:14+00:00]
Login via SSO com o usuário "rosi@rscorp.com.br" bem sucedido.

[2014-06-11T11:02:20+00:00]
Teste de login via SSO com o usuário "rosi@rscorp.com.br"...

[2014-06-11T11:02:21+00:00]
Login via SSO com o usuário "rosi@rscorp.com.br" bem sucedido.

[2014-06-11T11:44:04+00:00]
Teste de login via SSO com o usuário "rosi@rscorp.com.br"...

[2014-06-11T11:44:05+00:00]
Login via SSO com o usuário "rosi@rscorp.com.br" bem sucedido.

[2014-06-11T11:44:14+00:00]
Teste de login via SSO com o usuário "rosi@rscorp.com.br"...

[2014-06-11T11:44:16+00:00]
Login via SSO com o usuário "rosi@rscorp.com.br" bem sucedido.

[2014-06-11T11:51:25+00:00]
Teste de login via SSO com o usuário "rosi@rscorp.com.br"...

[2014-06-11T11:51:27+00:00]
Login via SSO com o usuário "rosi@rscorp.com.br" bem sucedido.

[2014-06-11T11:51:29+00:00]
Teste de login via SSO com o usuário "rosi@rscorp.com.br"...

[2014-06-11T11:51:30+00:00]
Login via SSO com o usuário "rosi@rscorp.com.br" bem sucedido.

[2014-06-11T12:15:23+00:00]
Teste de login via SSO com o usuário "rosi@rscorp.com.br"...

[2014-06-11T12:15:25+00:00]
Login via SSO com o usuário "rosi@rscorp.com.br" bem sucedido.

[2014-06-11T15:14:45+00:00]
Teste de login via SSO com o usuário "SFADMIN"...

[2014-06-11T15:14:47+00:00]
Login via SSO com o usuário "SFADMIN" bem sucedido.

[2014-06-11T15:15:54+00:00]
Teste de login via SSO com o usuário "SFADMIN"...

[2014-06-11T15:15:55+00:00]
Login via SSO com o usuário "SFADMIN" bem sucedido.

[2014-06-11T15:57:43+00:00]
Teste de login via SSO com o usuário "rosi@rscorp.com.br"...

[2014-06-11T15:57:45+00:00]
Login via SSO com o usuário "rosi@rscorp.com.br" bem sucedido.

[2014-06-11T16:05:31+00:00]
Teste de login via SSO com o usuário "rosi@rscorp.com.br"...

[2014-06-11T16:05:32+00:00]
Login via SSO com o usuário "rosi@rscorp.com.br" bem sucedido.

[2014-06-11T16:21:35+00:00]
Teste de login via SSO com o usuário "rosi@rscorp.com.br"...

[2014-06-11T16:21:36+00:00]
Login via SSO com o usuário "rosi@rscorp.com.br" bem sucedido.

[2014-06-11T16:21:41+00:00]
Teste de login via SSO com o usuário "rosi@rscorp.com.br"...

[2014-06-11T16:21:43+00:00]
Login via SSO com o usuário "rosi@rscorp.com.br" bem sucedido.

[2014-06-11T16:22:20+00:00]
Teste de login via SSO com o usuário "rosi@rscorp.com.br"...

[2014-06-11T16:22:22+00:00]
Login via SSO com o usuário "rosi@rscorp.com.br" bem sucedido.

[2014-06-11T16:22:31+00:00]
Teste de login via SSO com o usuário "rosi@rscorp.com.br"...

[2014-06-11T16:22:32+00:00]
Login via SSO com o usuário "rosi@rscorp.com.br" bem sucedido.

[2014-06-11T16:23:16+00:00]
Teste de login via SSO com o usuário "rosi@rscorp.com.br"...

[2014-06-11T16:23:17+00:00]
Login via SSO com o usuário "rosi@rscorp.com.br" bem sucedido.

[2014-06-11T16:46:33+00:00]
Teste de login via SSO com o usuário "rosi@rscorp.com.br"...

[2014-06-11T16:46:35+00:00]
Login via SSO com o usuário "rosi@rscorp.com.br" bem sucedido.

[2014-06-11T16:46:38+00:00]
Teste de login via SSO com o usuário "rosi@rscorp.com.br"...

[2014-06-11T16:46:39+00:00]
Login via SSO com o usuário "rosi@rscorp.com.br" bem sucedido.

[2014-06-11T17:46:37+00:00]
Teste de login via SSO com o usuário "SFADMIN"...

[2014-06-11T17:46:40+00:00]
Login via SSO com o usuário "SFADMIN" bem sucedido.

[2014-06-11T17:59:36+00:00]
Teste de login via SSO com o usuário "associado"...

[2014-06-11T17:59:38+00:00]
Login via SSO com o usuário "associado" bem sucedido.

[2014-06-11T18:08:37+00:00]
Teste de login via SSO com o usuário "rosi@rscorp.com.br"...

[2014-06-11T18:08:39+00:00]
Login via SSO com o usuário "rosi@rscorp.com.br" bem sucedido.

[2014-06-11T18:14:09+00:00]
Teste de login via SSO com o usuário "associado"...

[2014-06-11T18:14:11+00:00]
Login via SSO com o usuário "associado" bem sucedido.

[2014-06-11T18:19:33+00:00]
Teste de login via SSO com o usuário "rosi@rscorp.com.br"...

[2014-06-11T18:19:35+00:00]
Login via SSO com o usuário "rosi@rscorp.com.br" bem sucedido.

[2014-06-11T19:08:54+00:00]
Teste de login via SSO com o usuário "associado"...

[2014-06-11T19:08:55+00:00]
Login via SSO com o usuário "associado" bem sucedido.

[2014-06-11T19:28:01+00:00]
Teste de login via SSO com o usuário "rosi@rscorp.com.br"...

[2014-06-11T19:28:03+00:00]
Login via SSO com o usuário "rosi@rscorp.com.br" bem sucedido.

[2014-06-11T19:30:42+00:00]
Teste de login via SSO com o usuário "rosi@rscorp.com.br"...

[2014-06-11T19:30:44+00:00]
Login via SSO com o usuário "rosi@rscorp.com.br" bem sucedido.

[2014-06-11T20:22:57+00:00]
Teste de login via SSO com o usuário "associado"...

[2014-06-11T20:22:59+00:00]
Login via SSO com o usuário "associado" bem sucedido.

[2014-06-11T20:41:07+00:00]
Teste de login via SSO com o usuário "admin"...

[2014-06-11T20:41:09+00:00]
Login via SSO com o usuário "admin" bem sucedido.

[2014-06-11T20:45:49+00:00]
Teste de login via SSO com o usuário "admin"...

[2014-06-11T20:45:50+00:00]
Login via SSO com o usuário "admin" bem sucedido.

[2014-06-11T20:45:52+00:00]
Teste de login via SSO com o usuário "admin"...

[2014-06-11T20:45:53+00:00]
Login via SSO com o usuário "admin" bem sucedido.

[2014-06-11T20:50:41+00:00]
Teste de login via SSO com o usuário "rosi@rscorp.com.br"...

[2014-06-11T20:50:42+00:00]
Login via SSO com o usuário "rosi@rscorp.com.br" bem sucedido.

[2014-06-11T20:50:58+00:00]
Teste de login via SSO com o usuário "admin"...

[2014-06-11T20:50:59+00:00]
Login via SSO com o usuário "admin" bem sucedido.

[2014-06-11T20:56:45+00:00]
Teste de login via SSO com o usuário "admin"...

[2014-06-11T20:56:46+00:00]
Login via SSO com o usuário "admin" bem sucedido.

[2014-06-11T22:39:13+00:00]
Teste de login via SSO com o usuário "adminasugms"...

[2014-06-11T22:39:14+00:00]
Login via SSO com o usuário "adminasugms" bem sucedido.

[2014-06-11T22:40:07+00:00]
Teste de login via SSO com o usuário "adminasugms"...

[2014-06-11T22:40:08+00:00]
Login via SSO com o usuário "adminasugms" bem sucedido.

[2014-06-11T22:56:08+00:00]
Teste de login via SSO com o usuário "adminasugms"...

[2014-06-11T22:56:08+00:00]
Login via SSO com o usuário "adminasugms" falhou.

[2014-06-11T22:57:42+00:00]
Teste de login via SSO com o usuário "interface1"...

[2014-06-11T22:57:43+00:00]
Login via SSO com o usuário "interface1" bem sucedido.

