[2014-06-04T13:57:02+00:00]
Teste de login via SSO com o usuário "SFADMIN"...

[2014-06-04T13:57:04+00:00]
Login via SSO com o usuário "SFADMIN" bem sucedido.

[2014-06-04T14:27:54+00:00]
Teste de login via SSO com o usuário "SFADMIN"...

[2014-06-04T14:27:56+00:00]
Login via SSO com o usuário "SFADMIN" bem sucedido.

[2014-06-04T14:28:02+00:00]
Teste de login via SSO com o usuário "SFADMIN"...

[2014-06-04T14:28:04+00:00]
Login via SSO com o usuário "SFADMIN" bem sucedido.

[2014-06-04T15:27:56+00:00]
Teste de login via SSO com o usuário "SFADMIN"...

[2014-06-04T15:27:58+00:00]
Login via SSO com o usuário "SFADMIN" bem sucedido.

[2014-06-04T15:28:37+00:00]
Teste de login via SSO com o usuário "SFADMIN"...

[2014-06-04T15:28:39+00:00]
Login via SSO com o usuário "SFADMIN" bem sucedido.

[2014-06-04T15:30:45+00:00]
Teste de login via SSO com o usuário "SFADMIN"...

[2014-06-04T15:30:46+00:00]
Login via SSO com o usuário "SFADMIN" bem sucedido.

[2014-06-04T15:31:14+00:00]
Teste de login via SSO com o usuário "SFADMIN"...

[2014-06-04T15:31:18+00:00]
Login via SSO com o usuário "SFADMIN" bem sucedido.

[2014-06-04T16:59:33+00:00]
Teste de login via SSO com o usuário "SFADMIN"...

[2014-06-04T16:59:35+00:00]
Login via SSO com o usuário "SFADMIN" bem sucedido.

[2014-06-04T17:05:53+00:00]
Teste de login via SSO com o usuário "SFADMIN"...

[2014-06-04T17:05:54+00:00]
Login via SSO com o usuário "SFADMIN" bem sucedido.

[2014-06-04T17:35:13+00:00]
Teste de login via SSO com o usuário "SFADMIN"...

[2014-06-04T17:35:14+00:00]
Login via SSO com o usuário "SFADMIN" bem sucedido.

[2014-06-04T20:15:00+00:00]
Teste de login via SSO com o usuário "rosi@rscorp.com.br"...

[2014-06-04T20:15:03+00:00]
Login via SSO com o usuário "rosi@rscorp.com.br" bem sucedido.

[2014-06-04T20:15:04+00:00]
Teste de login via SSO com o usuário "rosi@rscorp.com.br"...

[2014-06-04T20:15:05+00:00]
Teste de login via SSO com o usuário "rosi@rscorp.com.br"...

[2014-06-04T20:15:05+00:00]
Login via SSO com o usuário "rosi@rscorp.com.br" bem sucedido.

[2014-06-04T20:15:06+00:00]
Login via SSO com o usuário "rosi@rscorp.com.br" bem sucedido.

[2014-06-04T20:24:28+00:00]
Teste de login via SSO com o usuário "rosi@rscorp.com.br"...

[2014-06-04T20:24:29+00:00]
Login via SSO com o usuário "rosi@rscorp.com.br" bem sucedido.

[2014-06-04T20:57:03+00:00]
Teste de login via SSO com o usuário "rosi@rscorp.com.br"...

[2014-06-04T20:57:05+00:00]
Login via SSO com o usuário "rosi@rscorp.com.br" bem sucedido.

