[2014-06-03T13:54:48+00:00]
Teste de login via SSO com o usuário "associado"...

[2014-06-03T13:54:50+00:00]
Login via SSO com o usuário "associado" bem sucedido.

[2014-06-03T13:59:50+00:00]
Teste de login via SSO com o usuário "Rosi"...

[2014-06-03T13:59:51+00:00]
Login via SSO com o usuário "Rosi" falhou.

[2014-06-03T14:01:07+00:00]
Teste de login via SSO com o usuário "SFADMIN"...

[2014-06-03T14:01:09+00:00]
Login via SSO com o usuário "SFADMIN" bem sucedido.

[2014-06-03T14:03:24+00:00]
Teste de login via SSO com o usuário "SFADMIN"...

[2014-06-03T14:03:25+00:00]
Login via SSO com o usuário "SFADMIN" bem sucedido.

[2014-06-03T14:06:07+00:00]
Teste de login via SSO com o usuário "SFADMIN"...

[2014-06-03T14:06:08+00:00]
Login via SSO com o usuário "SFADMIN" bem sucedido.

[2014-06-03T14:08:53+00:00]
Teste de login via SSO com o usuário "Rosi"...

[2014-06-03T14:08:53+00:00]
Login via SSO com o usuário "Rosi" falhou.

[2014-06-03T14:14:12+00:00]
Teste de login via SSO com o usuário "Rosi"...

[2014-06-03T14:14:13+00:00]
Login via SSO com o usuário "Rosi" falhou.

[2014-06-03T14:24:00+00:00]
Teste de login via SSO com o usuário "rosi@rscorp.com.br"...

[2014-06-03T14:24:02+00:00]
Login via SSO com o usuário "rosi@rscorp.com.br" bem sucedido.

[2014-06-03T14:52:10+00:00]
Teste de login via SSO com o usuário "rosi@rscorp.com.br"...

[2014-06-03T14:52:10+00:00]
Login via SSO com o usuário "rosi@rscorp.com.br" falhou.

[2014-06-03T15:12:45+00:00]
Teste de login via SSO com o usuário "SFADMIN"...

[2014-06-03T15:12:47+00:00]
Login via SSO com o usuário "SFADMIN" bem sucedido.

[2014-06-03T16:10:08+00:00]
Teste de login via SSO com o usuário "rosi@rscorp.com.br"...

[2014-06-03T16:10:10+00:00]
Login via SSO com o usuário "rosi@rscorp.com.br" bem sucedido.

[2014-06-03T16:11:56+00:00]
Teste de login via SSO com o usuário "rosi@rscorp.com.br"...

[2014-06-03T16:11:57+00:00]
Login via SSO com o usuário "rosi@rscorp.com.br" bem sucedido.

[2014-06-03T16:14:37+00:00]
Teste de login via SSO com o usuário "rosi@rscorp.com.br"...

[2014-06-03T16:14:38+00:00]
Login via SSO com o usuário "rosi@rscorp.com.br" bem sucedido.

[2014-06-03T16:33:14+00:00]
Teste de login via SSO com o usuário "SFADMIN"...

[2014-06-03T16:33:16+00:00]
Login via SSO com o usuário "SFADMIN" bem sucedido.

[2014-06-03T16:37:37+00:00]
Teste de login via SSO com o usuário "SFADMIN"...

[2014-06-03T16:37:39+00:00]
Login via SSO com o usuário "SFADMIN" bem sucedido.

[2014-06-03T16:39:07+00:00]
Teste de login via SSO com o usuário "rosi@rscorp.com.br"...

[2014-06-03T16:39:08+00:00]
Login via SSO com o usuário "rosi@rscorp.com.br" bem sucedido.

[2014-06-03T16:49:12+00:00]
Teste de login via SSO com o usuário "rosi@rscorp.com.br"...

[2014-06-03T16:49:13+00:00]
Login via SSO com o usuário "rosi@rscorp.com.br" bem sucedido.

[2014-06-03T16:53:18+00:00]
Teste de login via SSO com o usuário "rosi@rscorp.com.br"...

[2014-06-03T16:53:20+00:00]
Login via SSO com o usuário "rosi@rscorp.com.br" bem sucedido.

[2014-06-03T16:58:14+00:00]
Teste de login via SSO com o usuário "rosi@rscorp.com.br"...

[2014-06-03T16:58:16+00:00]
Login via SSO com o usuário "rosi@rscorp.com.br" bem sucedido.

[2014-06-03T16:58:16+00:00]
Teste de login via SSO com o usuário "rosi@rscorp.com.br"...

[2014-06-03T16:58:17+00:00]
Login via SSO com o usuário "rosi@rscorp.com.br" bem sucedido.

[2014-06-03T17:36:50+00:00]
Teste de login via SSO com o usuário "SFADMIN"...

[2014-06-03T17:36:52+00:00]
Login via SSO com o usuário "SFADMIN" bem sucedido.

[2014-06-03T18:10:38+00:00]
Teste de login via SSO com o usuário "rosi@rscorp.com.br"...

[2014-06-03T18:10:40+00:00]
Login via SSO com o usuário "rosi@rscorp.com.br" bem sucedido.

[2014-06-03T19:12:32+00:00]
Teste de login via SSO com o usuário "SFADMIN"...

[2014-06-03T19:12:34+00:00]
Login via SSO com o usuário "SFADMIN" bem sucedido.

[2014-06-03T19:15:22+00:00]
Teste de login via SSO com o usuário "SFADMIN"...

[2014-06-03T19:15:23+00:00]
Login via SSO com o usuário "SFADMIN" bem sucedido.

[2014-06-03T19:15:38+00:00]
Teste de login via SSO com o usuário "SFADMIN"...

[2014-06-03T19:15:39+00:00]
Login via SSO com o usuário "SFADMIN" bem sucedido.

[2014-06-03T19:16:36+00:00]
Teste de login via SSO com o usuário "SFADMIN"...

[2014-06-03T19:16:38+00:00]
Login via SSO com o usuário "SFADMIN" bem sucedido.

[2014-06-03T19:17:56+00:00]
Teste de login via SSO com o usuário "SFADMIN"...

[2014-06-03T19:17:57+00:00]
Login via SSO com o usuário "SFADMIN" bem sucedido.

[2014-06-03T19:19:06+00:00]
Teste de login via SSO com o usuário "rosi@rscorp.com.br"...

[2014-06-03T19:19:07+00:00]
Login via SSO com o usuário "rosi@rscorp.com.br" bem sucedido.

[2014-06-03T19:34:26+00:00]
Teste de login via SSO com o usuário "admin"...

[2014-06-03T19:34:28+00:00]
Login via SSO com o usuário "admin" bem sucedido.

[2014-06-03T19:53:18+00:00]
Teste de login via SSO com o usuário "rosi@rscorp.com.br"...

[2014-06-03T19:53:19+00:00]
Login via SSO com o usuário "rosi@rscorp.com.br" bem sucedido.

[2014-06-03T19:53:20+00:00]
Teste de login via SSO com o usuário "rosi@rscorp.com.br"...

[2014-06-03T19:53:21+00:00]
Login via SSO com o usuário "rosi@rscorp.com.br" bem sucedido.

[2014-06-03T19:53:22+00:00]
Teste de login via SSO com o usuário "rosi@rscorp.com.br"...

[2014-06-03T19:53:23+00:00]
Login via SSO com o usuário "rosi@rscorp.com.br" bem sucedido.

[2014-06-03T19:56:37+00:00]
Teste de login via SSO com o usuário "SFADMIN"...

[2014-06-03T19:56:38+00:00]
Login via SSO com o usuário "SFADMIN" bem sucedido.

[2014-06-03T19:58:57+00:00]
Teste de login via SSO com o usuário "SFADMIN"...

[2014-06-03T19:58:58+00:00]
Login via SSO com o usuário "SFADMIN" bem sucedido.

[2014-06-03T19:59:26+00:00]
Teste de login via SSO com o usuário "SFADMIN"...

[2014-06-03T19:59:27+00:00]
Login via SSO com o usuário "SFADMIN" bem sucedido.

[2014-06-03T20:01:02+00:00]
Teste de login via SSO com o usuário "SFADMIN"...

[2014-06-03T20:01:06+00:00]
Login via SSO com o usuário "SFADMIN" bem sucedido.

[2014-06-03T20:09:14+00:00]
Teste de login via SSO com o usuário "SFADMIN"...

[2014-06-03T20:09:16+00:00]
Login via SSO com o usuário "SFADMIN" bem sucedido.

[2014-06-03T20:09:47+00:00]
Teste de login via SSO com o usuário "SFADMIN"...

[2014-06-03T20:09:49+00:00]
Login via SSO com o usuário "SFADMIN" bem sucedido.

[2014-06-03T20:13:57+00:00]
Teste de login via SSO com o usuário "admin"...

[2014-06-03T20:13:58+00:00]
Login via SSO com o usuário "admin" bem sucedido.

[2014-06-03T20:14:02+00:00]
Teste de login via SSO com o usuário "associado"...

[2014-06-03T20:14:03+00:00]
Login via SSO com o usuário "associado" bem sucedido.

[2014-06-03T20:45:02+00:00]
Teste de login via SSO com o usuário "rosi@rscorp.com.br"...

[2014-06-03T20:45:04+00:00]
Login via SSO com o usuário "rosi@rscorp.com.br" bem sucedido.

[2014-06-03T21:39:18+00:00]
Teste de login via SSO com o usuário "admin"...

[2014-06-03T21:39:20+00:00]
Login via SSO com o usuário "admin" bem sucedido.

[2014-06-03T21:59:12+00:00]
Teste de login via SSO com o usuário "admin"...

[2014-06-03T21:59:13+00:00]
Login via SSO com o usuário "admin" bem sucedido.

[2014-06-03T22:35:00+00:00]
Teste de login via SSO com o usuário "rosi@rscorp.com.br"...

[2014-06-03T22:35:02+00:00]
Login via SSO com o usuário "rosi@rscorp.com.br" bem sucedido.

