[2014-06-05T15:04:57+00:00]
Teste de login via SSO com o usuário "rosi@rscorp.com.br"...

[2014-06-05T15:05:00+00:00]
Login via SSO com o usuário "rosi@rscorp.com.br" bem sucedido.

[2014-06-05T15:57:45+00:00]
Teste de login via SSO com o usuário "rosi@rscorp.com.br"...

[2014-06-05T15:57:48+00:00]
Login via SSO com o usuário "rosi@rscorp.com.br" bem sucedido.

[2014-06-05T15:57:49+00:00]
Teste de login via SSO com o usuário "rosi@rscorp.com.br"...

[2014-06-05T15:57:50+00:00]
Login via SSO com o usuário "rosi@rscorp.com.br" bem sucedido.

[2014-06-05T16:07:30+00:00]
Teste de login via SSO com o usuário "rosi@rscorp.com.br"...

[2014-06-05T16:07:32+00:00]
Login via SSO com o usuário "rosi@rscorp.com.br" bem sucedido.

[2014-06-05T16:34:44+00:00]
Teste de login via SSO com o usuário "rosi@rscorp.com.br"...

[2014-06-05T16:34:46+00:00]
Login via SSO com o usuário "rosi@rscorp.com.br" bem sucedido.

[2014-06-05T16:35:24+00:00]
Teste de login via SSO com o usuário "rosi@rscorp.com.br"...

[2014-06-05T16:35:26+00:00]
Login via SSO com o usuário "rosi@rscorp.com.br" bem sucedido.

[2014-06-05T16:56:46+00:00]
Teste de login via SSO com o usuário "SFADMIN"...

[2014-06-05T16:56:48+00:00]
Login via SSO com o usuário "SFADMIN" bem sucedido.

[2014-06-05T17:19:04+00:00]
Teste de login via SSO com o usuário "rosi@rscorp.com.br"...

[2014-06-05T17:19:06+00:00]
Login via SSO com o usuário "rosi@rscorp.com.br" bem sucedido.

[2014-06-05T17:23:13+00:00]
Teste de login via SSO com o usuário "rosi@rscorp.com.br"...

[2014-06-05T17:23:14+00:00]
Login via SSO com o usuário "rosi@rscorp.com.br" bem sucedido.

[2014-06-05T17:23:18+00:00]
Teste de login via SSO com o usuário "rosi@rscorp.com.br"...

[2014-06-05T17:23:20+00:00]
Login via SSO com o usuário "rosi@rscorp.com.br" bem sucedido.

[2014-06-05T17:25:07+00:00]
Teste de login via SSO com o usuário "rosi@rscorp.com.br"...

[2014-06-05T17:25:08+00:00]
Login via SSO com o usuário "rosi@rscorp.com.br" bem sucedido.

[2014-06-05T17:48:25+00:00]
Teste de login via SSO com o usuário "SFADMIN"...

[2014-06-05T17:48:27+00:00]
Login via SSO com o usuário "SFADMIN" bem sucedido.

[2014-06-05T18:04:16+00:00]
Teste de login via SSO com o usuário "rosi@rscorp.com.br"...

[2014-06-05T18:04:18+00:00]
Login via SSO com o usuário "rosi@rscorp.com.br" bem sucedido.

[2014-06-05T18:04:19+00:00]
Teste de login via SSO com o usuário "rosi@rscorp.com.br"...

[2014-06-05T18:04:21+00:00]
Login via SSO com o usuário "rosi@rscorp.com.br" bem sucedido.

[2014-06-05T19:40:37+00:00]
Teste de login via SSO com o usuário "rosi@rscorp.com.br"...

[2014-06-05T19:40:40+00:00]
Login via SSO com o usuário "rosi@rscorp.com.br" bem sucedido.

[2014-06-05T19:40:47+00:00]
Teste de login via SSO com o usuário "rosi@rscorp.com.br"...

[2014-06-05T19:40:49+00:00]
Login via SSO com o usuário "rosi@rscorp.com.br" bem sucedido.

